[0817/210650.240:ERROR:process_reader_win.cc(151)] SuspendThread: Отказано в доступе. (0x5)
[0817/210650.244:ERROR:process_reader_win.cc(151)] SuspendThread: Отказано в доступе. (0x5)
[0817/210650.244:ERROR:process_reader_win.cc(151)] SuspendThread: Отказано в доступе. (0x5)
[0817/210650.244:ERROR:process_reader_win.cc(151)] SuspendThread: Отказано в доступе. (0x5)
[0817/210650.245:ERROR:process_reader_win.cc(151)] SuspendThread: Отказано в доступе. (0x5)
[0817/210650.245:ERROR:process_reader_win.cc(151)] SuspendThread: Отказано в доступе. (0x5)
[0817/210650.245:ERROR:process_reader_win.cc(151)] SuspendThread: Отказано в доступе. (0x5)
[0817/210650.245:ERROR:process_reader_win.cc(151)] SuspendThread: Отказано в доступе. (0x5)
[0817/210650.246:ERROR:process_reader_win.cc(151)] SuspendThread: Отказано в доступе. (0x5)
[0817/210650.246:ERROR:process_reader_win.cc(123)] NtOpenThread: {Отказано в доступе} Процесс запросил доступ к объекту, но права на доступ не предоставлены. (0xc0000022)
[0817/210650.248:ERROR:exception_snapshot_win.cc(98)] thread ID 1260 not found in process
[0817/210650.268:ERROR:process_reader_win.cc(151)] SuspendThread: Отказано в доступе. (0x5)
[0817/210650.268:ERROR:process_reader_win.cc(151)] SuspendThread: Отказано в доступе. (0x5)
[0817/210650.269:ERROR:process_reader_win.cc(151)] SuspendThread: Отказано в доступе. (0x5)
[0817/210650.269:ERROR:process_reader_win.cc(151)] SuspendThread: Отказано в доступе. (0x5)
[0817/210650.269:ERROR:process_reader_win.cc(151)] SuspendThread: Отказано в доступе. (0x5)
[0817/210650.269:ERROR:process_reader_win.cc(151)] SuspendThread: Отказано в доступе. (0x5)
[0817/210650.269:ERROR:process_reader_win.cc(151)] SuspendThread: Отказано в доступе. (0x5)
[0817/210650.269:ERROR:process_reader_win.cc(151)] SuspendThread: Отказано в доступе. (0x5)
[0817/210650.269:ERROR:process_reader_win.cc(151)] SuspendThread: Отказано в доступе. (0x5)
[0817/210650.269:ERROR:process_reader_win.cc(151)] SuspendThread: Отказано в доступе. (0x5)
[0817/210650.269:ERROR:process_reader_win.cc(151)] SuspendThread: Отказано в доступе. (0x5)
[0817/210650.269:ERROR:process_reader_win.cc(151)] SuspendThread: Отказано в доступе. (0x5)
[0817/210650.269:ERROR:process_reader_win.cc(151)] SuspendThread: Отказано в доступе. (0x5)
[0817/210650.269:ERROR:process_reader_win.cc(151)] SuspendThread: Отказано в доступе. (0x5)
[0817/210650.269:ERROR:process_reader_win.cc(151)] SuspendThread: Отказано в доступе. (0x5)
[0817/210650.269:ERROR:process_reader_win.cc(151)] SuspendThread: Отказано в доступе. (0x5)
[0817/210650.269:ERROR:process_reader_win.cc(151)] SuspendThread: Отказано в доступе. (0x5)
[0817/210650.269:ERROR:process_reader_win.cc(151)] SuspendThread: Отказано в доступе. (0x5)
[0817/210650.269:ERROR:process_reader_win.cc(151)] SuspendThread: Отказано в доступе. (0x5)
[0817/210650.269:ERROR:process_reader_win.cc(151)] SuspendThread: Отказано в доступе. (0x5)
[0817/210650.269:ERROR:process_reader_win.cc(123)] NtOpenThread: {Отказано в доступе} Процесс запросил доступ к объекту, но права на доступ не предоставлены. (0xc0000022)
[0817/210650.269:ERROR:exception_snapshot_win.cc(98)] thread ID 4020 not found in process
[0817/210650.285:ERROR:process_info.cc(329)] VirtualQueryEx: Отказано в доступе. (0x5)
[0817/210650.285:ERROR:process_info.cc(556)] ReadMemoryInfo failed
[0817/210650.285:ERROR:process_memory_win.cc(39)] Failed to initialize ProcessInfo.
[0817/210650.286:ERROR:scoped_process_suspend.cc(40)] NtResumeProcess: Попытка доступа к процессу, выполняющему процедуру завершения. (0xc000010a)
[0817/210650.327:ERROR:process_reader_win.cc(151)] SuspendThread: Отказано в доступе. (0x5)
[0817/210650.327:ERROR:process_reader_win.cc(151)] SuspendThread: Отказано в доступе. (0x5)
[0817/210650.328:ERROR:exception_snapshot_win.cc(98)] thread ID 1840 not found in process
